<?xml version="1.0" encoding="UTF-8"?>
<testng-results ignored="0" total="1" passed="1" failed="0" skipped="0">
  <reporter-output>
  </reporter-output>
  <suite started-at="2024-12-21T23:49:02 IST" name="Default suite" finished-at="2024-12-21T23:49:19 IST" duration-ms="16575">
    <groups>
      <group name="cucumber">
        <method signature="AbstractTestNGCucumberTests.runScenario(io.cucumber.testng.PickleWrapper,io.cucumber.testng.FeatureWrapper)[pri:0, instance:runnerPackage.Runnerclass@609bcfb6]" name="runScenario" class="io.cucumber.testng.AbstractTestNGCucumberTests"/>
      </group> <!-- cucumber -->
    </groups>
    <test started-at="2024-12-21T23:49:02 IST" name="Default test" finished-at="2024-12-21T23:49:19 IST" duration-ms="16575">
      <class name="runnerPackage.Runnerclass">
        <test-method is-config="true" signature="setUpClass(org.testng.ITestContext)[pri:0, instance:runnerPackage.Runnerclass@609bcfb6]" started-at="2024-12-21T23:49:02 IST" name="setUpClass" finished-at="2024-12-21T23:49:03 IST" duration-ms="251" status="PASS">
          <params>
            <param index="0">
              <value>
                <![CDATA[org.testng.TestRunner@8e99809]]>
              </value>
            </param>
          </params>
          <reporter-output>
          </reporter-output>
        </test-method> <!-- setUpClass -->
        <test-method signature="runScenario(io.cucumber.testng.PickleWrapper,io.cucumber.testng.FeatureWrapper)[pri:0, instance:runnerPackage.Runnerclass@609bcfb6]" started-at="2024-12-21T23:49:03 IST" name="runScenario" description="Runs Cucumber Scenarios" data-provider="scenarios" finished-at="2024-12-21T23:49:19 IST" duration-ms="16178" status="PASS">
          <params>
            <param index="0">
              <value>
                <![CDATA["Adding valid Employee details"]]>
              </value>
            </param>
            <param index="1">
              <value>
                <![CDATA["AddEmployee functionality"]]>
              </value>
            </param>
          </params>
          <reporter-output>
          </reporter-output>
        </test-method> <!-- runScenario -->
        <test-method is-config="true" signature="tearDownClass()[pri:0, instance:runnerPackage.Runnerclass@609bcfb6]" started-at="2024-12-21T23:49:19 IST" name="tearDownClass" finished-at="2024-12-21T23:49:19 IST" duration-ms="2" status="PASS">
          <reporter-output>
          </reporter-output>
        </test-method> <!-- tearDownClass -->
      </class> <!-- runnerPackage.Runnerclass -->
    </test> <!-- Default test -->
  </suite> <!-- Default suite -->
</testng-results>
